<?xml version="1.0" encoding="UTF-8"?>
<!-- Generated by org.testng.reporters.JUnitXMLReporter -->
<testsuite ignored="0" hostname="DESKTOP-CVFL0M8" failures="0" tests="2" name="Functional Test" time="31.737" errors="0" timestamp="2022-10-01T14:09:02 IST">
  <testcase classname="PomClassesPractice.LoginTest" name="FacebookLoginPageTest" time="1.863"/>
  <testcase classname="PomClassesPractice.RegistrationTest" name="FacebookRegistrationPageTest_Positive" time="9.5"/>
</testsuite> <!-- Functional Test -->
