<?xml version="1.0" encoding="UTF-8"?>
<!-- Generated by org.testng.reporters.JUnitXMLReporter -->
<testsuite ignored="0" hostname="DESKTOP-CVFL0M8" failures="0" tests="3" name="Default test" time="0.191" errors="0" timestamp="2022-10-06T17:58:19 IST">
  <testcase classname="Basics.BeforeMethodAfterMethodPractice" name="profilepage" time="0.019"/>
  <testcase classname="Basics.BeforeMethodAfterMethodPractice" name="notificationpage" time="0.005"/>
  <testcase classname="Basics.BeforeMethodAfterMethodPractice" name="homepage" time="0.004"/>
</testsuite> <!-- Default test -->
