<?xml version="1.0" encoding="UTF-8"?>
<!-- Generated by org.testng.reporters.JUnitXMLReporter -->
<testsuite ignored="0" hostname="DESKTOP-CVFL0M8" failures="0" tests="6" name="Test" time="0.219" errors="0" timestamp="2022-09-24T18:15:35 IST">
  <testcase classname="SuiteAnotationPractice.TestCase2" name="m4" time="0.013"/>
  <testcase classname="SuiteAnotationPractice.TestCase2" name="m5" time="0.007"/>
  <testcase classname="SuiteAnotationPractice.TestCase2" name="m6" time="0.005"/>
  <testcase classname="SuiteAnotationPractice.TestCase1" name="m1" time="0.006"/>
  <testcase classname="SuiteAnotationPractice.TestCase1" name="m2" time="0.012"/>
  <testcase classname="SuiteAnotationPractice.TestCase1" name="m3" time="0.015"/>
</testsuite> <!-- Test -->
