<?xml version="1.0" encoding="UTF-8"?>
<!-- Generated by org.testng.reporters.JUnitXMLReporter -->
<testsuite ignored="6" hostname="DESKTOP-CVFL0M8" failures="0" tests="3" name=" SmokeTest" time="0.243" errors="0" timestamp="2022-09-23T15:53:48 IST">
  <testcase classname="GroupingPractice.TestCase1" name="Test1" time="0.018"/>
  <testcase classname="GroupingPractice.TestCase2" name="Test4" time="0.003"/>
  <testcase classname="GroupingPractice.TestCase3" name="Test7" time="0.006"/>
  <testcase classname="GroupingPractice.TestCase1" name="Test2" time="0.0">
    <ignored/>
  </testcase> <!-- Test2 -->
  <testcase classname="GroupingPractice.TestCase1" name="Test3" time="0.0">
    <ignored/>
  </testcase> <!-- Test3 -->
  <testcase classname="GroupingPractice.TestCase2" name="Test5" time="0.0">
    <ignored/>
  </testcase> <!-- Test5 -->
  <testcase classname="GroupingPractice.TestCase2" name="Test6" time="0.0">
    <ignored/>
  </testcase> <!-- Test6 -->
  <testcase classname="GroupingPractice.TestCase3" name="Test8" time="0.0">
    <ignored/>
  </testcase> <!-- Test8 -->
  <testcase classname="GroupingPractice.TestCase3" name="Test9" time="0.0">
    <ignored/>
  </testcase> <!-- Test9 -->
</testsuite> <!--  SmokeTest -->
