<?xml version="1.0" encoding="UTF-8"?>
<!-- Generated by org.testng.reporters.JUnitXMLReporter -->
<testsuite ignored="0" hostname="DESKTOP-CVFL0M8" failures="0" tests="6" name="Chrome Test" time="21.108" errors="0" timestamp="2022-09-28T14:15:09 IST">
  <testcase classname="ParameterizationCrossBrowserPractice.AllBrowsers" name="CrossBrowserTesting" time="19.154"/>
  <testcase classname="ParameterizationCrossBrowserPractice.AllBrowsers" name="VerifyCurrentUrl" time="0.059"/>
  <testcase classname="ParameterizationCrossBrowserPractice.AllBrowsers" name="VerifyPageTitle" time="0.044"/>
  <testcase classname="ParameterizationCrossBrowserPractice.AllBrowsers" name="VerifyUsernameField" time="0.705"/>
  <testcase classname="ParameterizationCrossBrowserPractice.AllBrowsers" name="VerifyPasswordField" time="0.542"/>
  <testcase classname="ParameterizationCrossBrowserPractice.AllBrowsers" name="VerifyLoginBtn" time="0.439"/>
</testsuite> <!-- Chrome Test -->
