<?xml version="1.0" encoding="UTF-8"?>
<!-- Generated by org.testng.reporters.JUnitXMLReporter -->
<testsuite ignored="0" hostname="DESKTOP-CVFL0M8" failures="0" tests="6" name="Firefox Test" time="65.261" errors="0" timestamp="2022-09-28T14:15:53 IST">
  <testcase classname="ParameterizationCrossBrowserPractice.AllBrowsers" name="CrossBrowserTesting" time="36.929"/>
  <testcase classname="ParameterizationCrossBrowserPractice.AllBrowsers" name="VerifyCurrentUrl" time="0.165"/>
  <testcase classname="ParameterizationCrossBrowserPractice.AllBrowsers" name="VerifyPageTitle" time="0.482"/>
  <testcase classname="ParameterizationCrossBrowserPractice.AllBrowsers" name="VerifyUsernameField" time="10.325"/>
  <testcase classname="ParameterizationCrossBrowserPractice.AllBrowsers" name="VerifyPasswordField" time="7.868"/>
  <testcase classname="ParameterizationCrossBrowserPractice.AllBrowsers" name="VerifyLoginBtn" time="9.323"/>
</testsuite> <!-- Firefox Test -->
